<?xml version="1.0" encoding="UTF-8"?>
<!-- Generated by org.testng.reporters.JUnitReportReporter -->
<testsuite hostname="438d7af651b2556" failures="0" tests="1" name="Test1.AmazonseeMore" time="10.523" errors="0" timestamp="2023-07-26T01:09:52 IST" skipped="0">
  <testcase classname="Test1.AmazonseeMore" name="clickSeeMore" time="10.523"/>
</testsuite> <!-- Test1.AmazonseeMore -->
