<?xml version="1.0" encoding="UTF-8"?>
<!-- Generated by org.testng.reporters.JUnitReportReporter -->
<testsuite hostname="438d7af651b2556" failures="0" tests="2" name="TestNGExample.TestNGExample_Annotation" time="0.019" errors="0" timestamp="2023-07-14T15:08:11 IST" skipped="0">
  <testcase classname="TestNGExample.TestNGExample_Annotation" name="payment" time="0.010"/>
  <testcase classname="TestNGExample.TestNGExample_Annotation" name="addItem" time="0.009"/>
</testsuite> <!-- TestNGExample.TestNGExample_Annotation -->
