<?xml version="1.0" encoding="UTF-8"?>
<!-- Generated by org.testng.reporters.JUnitReportReporter -->
<testsuite hostname="438d7af651b2556" failures="0" tests="1" name="logExample.NOPCommApp" time="7.000" errors="0" timestamp="2023-07-18T15:34:19 IST" skipped="0">
  <testcase classname="logExample.NOPCommApp" name="verifyLogin" time="7.000"/>
</testsuite> <!-- logExample.NOPCommApp -->
