<?xml version="1.0" encoding="UTF-8"?>
<!-- Generated by org.testng.reporters.JUnitReportReporter -->
<testsuite hostname="438d7af651b2556" failures="0" tests="3" name="Exercise.Exercise_1" time="13.570" errors="0" timestamp="2023-07-13T19:11:28 IST" skipped="0">
  <testcase classname="Exercise.Exercise_1" name="getAppURL" time="2.054"/>
  <testcase classname="Exercise.Exercise_1" name="LoginTest" time="8.002"/>
  <testcase classname="Exercise.Exercise_1" name="LogoutTest" time="3.514"/>
</testsuite> <!-- Exercise.Exercise_1 -->
