<?xml version="1.0" encoding="UTF-8"?>
<!-- Generated by org.testng.reporters.JUnitReportReporter -->
<testsuite hostname="438d7af651b2556" failures="0" tests="1" name="crossbrowserTestNG.NopCommApp" time="33.344" errors="0" timestamp="2023-07-27T18:03:41 IST" skipped="0">
  <testcase classname="crossbrowserTestNG.NopCommApp" name="verifyLogin" time="33.344"/>
</testsuite> <!-- crossbrowserTestNG.NopCommApp -->
