<?xml version="1.0" encoding="UTF-8"?>
<!-- Generated by org.testng.reporters.JUnitReportReporter -->
<testsuite hostname="438d7af651b2556" failures="0" tests="1" name="ConditionalWait.ConditionalWaitElementClickable" time="16.424" errors="0" timestamp="2023-07-21T00:07:50 IST" skipped="0">
  <testcase classname="ConditionalWait.ConditionalWaitElementClickable" name="verifyLoginFeature" time="16.424"/>
</testsuite> <!-- ConditionalWait.ConditionalWaitElementClickable -->
