<?xml version="1.0" encoding="UTF-8"?>
<!-- Generated by org.testng.reporters.JUnitReportReporter -->
<testsuite hostname="438d7af651b2556" failures="0" tests="1" name="takescreenshotExample.PayTMExample" time="6.926" errors="0" timestamp="2023-07-18T14:27:13 IST" skipped="0">
  <testcase classname="takescreenshotExample.PayTMExample" name="verifyPayTM" time="6.926"/>
</testsuite> <!-- takescreenshotExample.PayTMExample -->
