<?xml version="1.0" encoding="UTF-8"?>
<!-- Generated by org.testng.reporters.JUnitReportReporter -->
<testsuite hostname="438d7af651b2556" failures="0" tests="1" name="testcases.LoginTest" time="11.190" errors="0" timestamp="2023-07-21T14:51:24 IST" skipped="0">
  <testcase classname="testcases.LoginTest" name="verifyLoginFeature" time="11.190"/>
</testsuite> <!-- testcases.LoginTest -->
