<?xml version="1.0" encoding="UTF-8"?>
<!-- Generated by org.testng.reporters.JUnitReportReporter -->
<testsuite hostname="438d7af651b2556" failures="0" tests="2" name="SelectExample.HandleDropDownExample" time="48.516" errors="0" timestamp="2023-07-14T15:46:27 IST" skipped="0">
  <testcase classname="SelectExample.HandleDropDownExample" name="verifyCountryListTest" time="29.523"/>
  <testcase classname="SelectExample.HandleDropDownExample" name="verifyCarListTest" time="18.993"/>
</testsuite> <!-- SelectExample.HandleDropDownExample -->
