<?xml version="1.0" encoding="UTF-8"?>
<!-- Generated by org.testng.reporters.JUnitReportReporter -->
<testsuite hostname="438d7af651b2556" failures="0" tests="1" name="TestNGExample.AmazonTest" time="0.013" errors="0" timestamp="2023-07-13T15:44:48 IST" skipped="0">
  <testcase classname="TestNGExample.AmazonTest" name="searchTest" time="0.013"/>
  <system-out/>
</testsuite> <!-- TestNGExample.AmazonTest -->
