<?xml version="1.0" encoding="UTF-8"?>
<!-- Generated by org.testng.reporters.JUnitReportReporter -->
<testsuite hostname="438d7af651b2556" failures="0" tests="6" name="TestNGExample.TestNGExample_PriorityExample" time="0.017" errors="0" timestamp="2023-07-14T15:08:11 IST" skipped="0">
  <testcase classname="TestNGExample.TestNGExample_PriorityExample" name="verifyLogin" time="0.003"/>
  <testcase classname="TestNGExample.TestNGExample_PriorityExample" name="verifySearchItem" time="0.003"/>
  <testcase classname="TestNGExample.TestNGExample_PriorityExample" name="verifyAddItem" time="0.002"/>
  <testcase classname="TestNGExample.TestNGExample_PriorityExample" name="verifyCancelOrder" time="0.004"/>
  <testcase classname="TestNGExample.TestNGExample_PriorityExample" name="verifyPayment" time="0.003"/>
  <testcase classname="TestNGExample.TestNGExample_PriorityExample" name="verifyLogout" time="0.002"/>
</testsuite> <!-- TestNGExample.TestNGExample_PriorityExample -->
