<?xml version="1.0" encoding="UTF-8"?>
<!-- Generated by org.testng.reporters.JUnitReportReporter -->
<testsuite hostname="438d7af651b2556" failures="0" tests="2" name="testcases.dashboardTest" time="10.833" errors="0" timestamp="2023-07-24T21:23:02 IST" skipped="0">
  <testcase classname="testcases.dashboardTest" name="login" time="7.340"/>
  <testcase classname="testcases.dashboardTest" name="verifydashboard" time="3.493"/>
</testsuite> <!-- testcases.dashboardTest -->
