<?xml version="1.0" encoding="UTF-8"?>
<!-- Generated by org.testng.reporters.JUnitReportReporter -->
<testsuite hostname="438d7af651b2556" failures="0" tests="6" name="TestNGExample.TestNGExample_PriorityExample" time="0.001" errors="0" timestamp="2023-08-01T14:42:15 IST" skipped="6">
  <testcase classname="TestNGExample.TestNGExample_PriorityExample" name="verifyLogin" time="0.000">
    <skipped/>
  </testcase> <!-- verifyLogin -->
  <system-out/>
  <testcase classname="TestNGExample.TestNGExample_PriorityExample" name="verifySearchItem" time="0.000">
    <skipped/>
  </testcase> <!-- verifySearchItem -->
  <system-out/>
  <testcase classname="TestNGExample.TestNGExample_PriorityExample" name="verifyAddItem" time="0.001">
    <skipped/>
  </testcase> <!-- verifyAddItem -->
  <system-out/>
  <testcase classname="TestNGExample.TestNGExample_PriorityExample" name="verifyCancelOrder" time="0.000">
    <skipped/>
  </testcase> <!-- verifyCancelOrder -->
  <system-out/>
  <testcase classname="TestNGExample.TestNGExample_PriorityExample" name="verifyPayment" time="0.000">
    <skipped/>
  </testcase> <!-- verifyPayment -->
  <system-out/>
  <testcase classname="TestNGExample.TestNGExample_PriorityExample" name="verifyLogout" time="0.000">
    <skipped/>
  </testcase> <!-- verifyLogout -->
  <system-out/>
</testsuite> <!-- TestNGExample.TestNGExample_PriorityExample -->
