<?xml version="1.0" encoding="UTF-8"?>
<!-- Generated by org.testng.reporters.JUnitReportReporter -->
<testsuite hostname="438d7af651b2556" failures="0" tests="1" name="crossbrowserTestNG.TestTestNgCMD" time="28.438" errors="0" timestamp="2023-08-01T14:46:07 IST" skipped="0">
  <testcase classname="crossbrowserTestNG.TestTestNgCMD" name="verifyLogin" time="28.438"/>
  <system-out/>
</testsuite> <!-- crossbrowserTestNG.TestTestNgCMD -->
