<?xml version="1.0" encoding="UTF-8"?>
<!-- Generated by org.testng.reporters.JUnitReportReporter -->
<testsuite hostname="438d7af651b2556" failures="0" tests="2" name="testcases.dashboardSearchCustomerTest" time="0.000" errors="0" timestamp="2023-08-01T14:42:15 IST" skipped="2">
  <testcase classname="testcases.dashboardSearchCustomerTest" name="login" time="0.000">
    <skipped/>
  </testcase> <!-- login -->
  <system-out/>
  <testcase classname="testcases.dashboardSearchCustomerTest" name="verifydashboard" time="0.000">
    <skipped/>
  </testcase> <!-- verifydashboard -->
  <system-out/>
</testsuite> <!-- testcases.dashboardSearchCustomerTest -->
