<?xml version="1.0" encoding="UTF-8"?>
<!-- Generated by org.testng.reporters.JUnitReportReporter -->
<testsuite hostname="438d7af651b2556" failures="0" tests="1" name="TestNGExample.AmazonTest" time="0.000" errors="0" timestamp="2023-08-01T14:42:15 IST" skipped="1">
  <testcase classname="TestNGExample.AmazonTest" name="searchTest" time="0.000">
    <skipped/>
  </testcase> <!-- searchTest -->
  <system-out/>
</testsuite> <!-- TestNGExample.AmazonTest -->
