<?xml version="1.0" encoding="UTF-8"?>
<!-- Generated by org.testng.reporters.JUnitReportReporter -->
<testsuite hostname="438d7af651b2556" failures="0" tests="2" name="TestNGExample.TestNGExample_Annotation" time="0.001" errors="0" timestamp="2023-08-01T14:42:15 IST" skipped="2">
  <testcase classname="TestNGExample.TestNGExample_Annotation" name="addItem" time="0.001">
    <skipped/>
  </testcase> <!-- addItem -->
  <system-out/>
  <testcase classname="TestNGExample.TestNGExample_Annotation" name="payment" time="0.000">
    <skipped/>
  </testcase> <!-- payment -->
  <system-out/>
</testsuite> <!-- TestNGExample.TestNGExample_Annotation -->
